#
# There is insufficient memory for the Java Runtime Environment to continue.
# Native memory allocation (mmap) failed to map 264241152 bytes for G1 virtual space
# Possible reasons:
#   The system is out of physical RAM or swap space
#   The process is running with CompressedOops enabled, and the Java Heap may be blocking the growth of the native heap
# Possible solutions:
#   Reduce memory load on the system
#   Increase physical memory or swap space
#   Check if swap backing store is full
#   Decrease Java heap size (-Xmx/-Xms)
#   Decrease number of Java threads
#   Decrease Java thread stack sizes (-Xss)
#   Set larger code cache with -XX:ReservedCodeCacheSize=
#   JVM is running with Zero Based Compressed Oops mode in which the Java heap is
#     placed in the first 32GB address space. The Java Heap base address is the
#     maximum limit for the native heap growth. Please use -XX:HeapBaseMinAddress
#     to set the Java Heap base and to place the Java Heap above 32GB virtual address.
# This output file may be truncated or incomplete.
#
#  Out of Memory Error (os_windows.cpp:3550), pid=22520, tid=28196
#
# JRE version:  (17.0.6+9) (build )
# Java VM: Java HotSpot(TM) 64-Bit Server VM (17.0.6+9-LTS-190, mixed mode, emulated-client, sharing, tiered, compressed oops, compressed class ptrs, g1 gc, windows-amd64)
# No core dump will be written. Minidumps are not enabled by default on client versions of Windows
#

---------------  S U M M A R Y ------------

Command Line: -XX:TieredStopAtLevel=1 -Dspring.output.ansi.enabled=always -Dcom.sun.management.jmxremote -Dspring.jmx.enabled=true -Dspring.liveBeansView.mbeanDomain -Dspring.application.admin.enabled=true -Dmanagement.endpoints.jmx.exposure.include=* -javaagent:D:\JAVA\IDEA\IntelliJ IDEA 2023.1.4\lib\idea_rt.jar=54890:D:\JAVA\IDEA\IntelliJ IDEA 2023.1.4\bin -Dfile.encoding=UTF-8 com.example.demo1.Demo1Application

Host: 12th Gen Intel(R) Core(TM) i5-12500H, 16 cores, 15G,  Windows 11 , 64 bit Build 22621 (10.0.22621.3672)
Time: Wed Jul 10 16:35:51 2024  Windows 11 , 64 bit Build 22621 (10.0.22621.3672) elapsed time: 0.011499 seconds (0d 0h 0m 0s)

---------------  T H R E A D  ---------------

Current thread (0x000001e34805e760):  JavaThread "Unknown thread" [_thread_in_vm, id=28196, stack(0x000000c6a2700000,0x000000c6a2800000)]

Stack: [0x000000c6a2700000,0x000000c6a2800000]
Native frames: (J=compiled Java code, j=interpreted, Vv=VM code, C=native code)
V  [jvm.dll+0x6734ea]
V  [jvm.dll+0x7d18f4]
V  [jvm.dll+0x7d309e]
V  [jvm.dll+0x7d3703]
V  [jvm.dll+0x2433c5]
V  [jvm.dll+0x6703f9]
V  [jvm.dll+0x664d32]
V  [jvm.dll+0x300086]
V  [jvm.dll+0x307606]
V  [jvm.dll+0x356c1e]
V  [jvm.dll+0x356e4f]
V  [jvm.dll+0x2d72e8]
V  [jvm.dll+0x2d8254]
V  [jvm.dll+0x7a33b1]
V  [jvm.dll+0x3647f1]
V  [jvm.dll+0x782839]
V  [jvm.dll+0x3e757f]
V  [jvm.dll+0x3e9001]
C  [jli.dll+0x5297]
C  [ucrtbase.dll+0x29333]
C  [KERNEL32.DLL+0x1257d]
C  [ntdll.dll+0x5af28]


---------------  P R O C E S S  ---------------

Threads class SMR info:
_java_thread_list=0x00007ffbadb9e958, length=0, elements={
}

Java Threads: ( => current thread )

Other Threads:
  0x000001e34a2001a0 GCTaskThread "GC Thread#0" [stack: 0x000000c6a2800000,0x000000c6a2900000] [id=1028]
  0x000001e34a210b60 ConcurrentGCThread "G1 Main Marker" [stack: 0x000000c6a2900000,0x000000c6a2a00000] [id=18768]
  0x000001e34a211470 ConcurrentGCThread "G1 Conc#0" [stack: 0x000000c6a2a00000,0x000000c6a2b00000] [id=21012]

[error occurred during error reporting (printing all threads), id 0xc0000005, EXCEPTION_ACCESS_VIOLATION (0xc0000005) at pc=0x00007ffbad3d7f07]

VM state: not at safepoint (not fully initialized)

VM Mutex/Monitor currently owned by a thread:  ([mutex/lock_event])
[0x000001e34a18c520] Heap_lock - owner thread: 0x000001e34805e760

Heap address: 0x0000000704800000, size: 4024 MB, Compressed Oops mode: Zero based, Oop shift amount: 3

CDS archive(s) mapped at: [0x0000000000000000-0x0000000000000000-0x0000000000000000), size 0, SharedBaseAddress: 0x0000000800000000, ArchiveRelocationMode: 0.
Narrow klass base: 0x0000000000000000, Narrow klass shift: 0, Narrow klass range: 0x0

GC Precious Log:
<Empty>

Heap:
 garbage-first heap   total 0K, used 0K [0x0000000704800000, 0x0000000800000000)
  region size 2048K, 0 young (0K), 0 survivors (0K)

[error occurred during error reporting (printing heap information), id 0xc0000005, EXCEPTION_ACCESS_VIOLATION (0xc0000005) at pc=0x00007ffbad7bc759]

GC Heap History (0 events):
No events

Deoptimization events (0 events):
No events

Classes unloaded (0 events):
No events

Classes redefined (0 events):
No events

Internal exceptions (0 events):
No events

VM Operations (0 events):
No events

Events (1 events):
Event: 0.006 Loaded shared library D:\JAVA\JDK\bin\java.dll


Dynamic libraries:
0x00007ff6db340000 - 0x00007ff6db350000 	D:\JAVA\JDK\bin\java.exe
0x00007ffc47990000 - 0x00007ffc47ba7000 	C:\WINDOWS\SYSTEM32\ntdll.dll
0x00007ffc46b30000 - 0x00007ffc46bf4000 	C:\WINDOWS\System32\KERNEL32.DLL
0x00007ffc452b0000 - 0x00007ffc4565c000 	C:\WINDOWS\System32\KERNELBASE.dll
0x00007ffc44f50000 - 0x00007ffc45061000 	C:\WINDOWS\System32\ucrtbase.dll
0x00007ffc3f250000 - 0x00007ffc3f26b000 	D:\JAVA\JDK\bin\VCRUNTIME140.dll
0x00007ffc3f270000 - 0x00007ffc3f288000 	D:\JAVA\JDK\bin\jli.dll
0x00007ffc45a30000 - 0x00007ffc45ae2000 	C:\WINDOWS\System32\ADVAPI32.dll
0x00007ffc47230000 - 0x00007ffc472d7000 	C:\WINDOWS\System32\msvcrt.dll
0x00007ffc478a0000 - 0x00007ffc4794a000 	C:\WINDOWS\System32\sechost.dll
0x00007ffc45280000 - 0x00007ffc452a8000 	C:\WINDOWS\System32\bcrypt.dll
0x00007ffc45910000 - 0x00007ffc45a25000 	C:\WINDOWS\System32\RPCRT4.dll
0x00007ffc47630000 - 0x00007ffc477de000 	C:\WINDOWS\System32\USER32.dll
0x00007ffc45190000 - 0x00007ffc451b6000 	C:\WINDOWS\System32\win32u.dll
0x00007ffc1d930000 - 0x00007ffc1dbc3000 	C:\WINDOWS\WinSxS\amd64_microsoft.windows.common-controls_6595b64144ccf1df_6.0.22621.3672_none_2713b9d173822955\COMCTL32.dll
0x00007ffc46cb0000 - 0x00007ffc46cd9000 	C:\WINDOWS\System32\GDI32.dll
0x00007ffc45070000 - 0x00007ffc45189000 	C:\WINDOWS\System32\gdi32full.dll
0x00007ffc44eb0000 - 0x00007ffc44f4a000 	C:\WINDOWS\System32\msvcp_win.dll
0x00007ffc308d0000 - 0x00007ffc308da000 	C:\WINDOWS\SYSTEM32\VERSION.dll
0x00007ffc45db0000 - 0x00007ffc45de1000 	C:\WINDOWS\System32\IMM32.DLL
0x00007ffc41a70000 - 0x00007ffc41a7c000 	D:\JAVA\JDK\bin\vcruntime140_1.dll
0x00007ffc10610000 - 0x00007ffc1069e000 	D:\JAVA\JDK\bin\msvcp140.dll
0x00007ffbad0f0000 - 0x00007ffbadcc7000 	D:\JAVA\JDK\bin\server\jvm.dll
0x00007ffc474a0000 - 0x00007ffc474a8000 	C:\WINDOWS\System32\PSAPI.DLL
0x00007ffc23a00000 - 0x00007ffc23a09000 	C:\WINDOWS\SYSTEM32\WSOCK32.dll
0x00007ffc46ce0000 - 0x00007ffc46d51000 	C:\WINDOWS\System32\WS2_32.dll
0x00007ffc3e900000 - 0x00007ffc3e934000 	C:\WINDOWS\SYSTEM32\WINMM.dll
0x00007ffc43de0000 - 0x00007ffc43df8000 	C:\WINDOWS\SYSTEM32\kernel.appcore.dll
0x00007ffc3f240000 - 0x00007ffc3f24a000 	D:\JAVA\JDK\bin\jimage.dll
0x00007ffc42510000 - 0x00007ffc42742000 	C:\WINDOWS\SYSTEM32\DBGHELP.DLL
0x00007ffc45df0000 - 0x00007ffc46178000 	C:\WINDOWS\System32\combase.dll
0x00007ffc469f0000 - 0x00007ffc46ac7000 	C:\WINDOWS\System32\OLEAUT32.dll
0x00007ffc21060000 - 0x00007ffc21092000 	C:\WINDOWS\SYSTEM32\dbgcore.DLL
0x00007ffc44e30000 - 0x00007ffc44eab000 	C:\WINDOWS\System32\bcryptPrimitives.dll
0x00007ffc3ca20000 - 0x00007ffc3ca2e000 	D:\JAVA\JDK\bin\instrument.dll
0x00007ffc28f90000 - 0x00007ffc28fb5000 	D:\JAVA\JDK\bin\java.dll

dbghelp: loaded successfully - version: 4.0.5 - missing functions: none
symbol engine: initialized successfully - sym options: 0x614 - pdb path: .;D:\JAVA\JDK\bin;C:\WINDOWS\SYSTEM32;C:\WINDOWS\WinSxS\amd64_microsoft.windows.common-controls_6595b64144ccf1df_6.0.22621.3672_none_2713b9d173822955;D:\JAVA\JDK\bin\server

VM Arguments:
jvm_args: -XX:TieredStopAtLevel=1 -Dspring.output.ansi.enabled=always -Dcom.sun.management.jmxremote -Dspring.jmx.enabled=true -Dspring.liveBeansView.mbeanDomain -Dspring.application.admin.enabled=true -Dmanagement.endpoints.jmx.exposure.include=* -javaagent:D:\JAVA\IDEA\IntelliJ IDEA 2023.1.4\lib\idea_rt.jar=54890:D:\JAVA\IDEA\IntelliJ IDEA 2023.1.4\bin -Dfile.encoding=UTF-8 
java_command: com.example.demo1.Demo1Application
java_class_path (initial): D:\桌面\课程\大二下\小学期\springboot后端\demo111\target\classes;C:\Users\86136\.m2\repository\org\springframework\boot\spring-boot-starter-web\3.3.1\spring-boot-starter-web-3.3.1.jar;C:\Users\86136\.m2\repository\org\springframework\boot\spring-boot-starter\3.3.1\spring-boot-starter-3.3.1.jar;C:\Users\86136\.m2\repository\org\springframework\boot\spring-boot\3.3.1\spring-boot-3.3.1.jar;C:\Users\86136\.m2\repository\org\springframework\boot\spring-boot-autoconfigure\3.3.1\spring-boot-autoconfigure-3.3.1.jar;C:\Users\86136\.m2\repository\org\springframework\boot\spring-boot-starter-logging\3.3.1\spring-boot-starter-logging-3.3.1.jar;C:\Users\86136\.m2\repository\ch\qos\logback\logback-classic\1.5.6\logback-classic-1.5.6.jar;C:\Users\86136\.m2\repository\ch\qos\logback\logback-core\1.5.6\logback-core-1.5.6.jar;C:\Users\86136\.m2\repository\org\apache\logging\log4j\log4j-to-slf4j\2.23.1\log4j-to-slf4j-2.23.1.jar;C:\Users\86136\.m2\repository\org\apache\logging\log4j\log4j-api\2.23.1\log4j-api-2.23.1.jar;C:\Users\86136\.m2\repository\org\slf4j\jul-to-slf4j\2.0.13\jul-to-slf4j-2.0.13.jar;C:\Users\86136\.m2\repository\jakarta\annotation\jakarta.annotation-api\2.1.1\jakarta.annotation-api-2.1.1.jar;C:\Users\86136\.m2\repository\org\yaml\snakeyaml\2.2\snakeyaml-2.2.jar;C:\Users\86136\.m2\repository\org\springframework\boot\spring-boot-starter-json\3.3.1\spring-boot-starter-json-3.3.1.jar;C:\Users\86136\.m2\repository\com\fasterxml\jackson\datatype\jackson-datatype-jdk8\2.17.1\jackson-datatype-jdk8-2.17.1.jar;C:\Users\86136\.m2\repository\com\fasterxml\jackson\datatype\jackson-datatype-jsr310\2.17.1\jackson-datatype-jsr310-2.17.1.jar;C:\Users\86136\.m2\repository\com\fasterxml\jackson\module\jackson-module-parameter-names\2.17.1\jackson-module-parameter-names-2.17.1.jar;C:\Users\86136\.m2\repository\org\springframework\boot\spring-boot-starter-tomcat\3.3.1\spring-boot-starter-tomcat-3.3.1.jar;C:\Users\86136\.m2\repository\org\apache\tomcat\embed\
Launcher Type: SUN_STANDARD

[Global flags]
     intx CICompilerCount                          = 12                                        {product} {ergonomic}
     uint ConcGCThreads                            = 3                                         {product} {ergonomic}
     uint G1ConcRefinementThreads                  = 13                                        {product} {ergonomic}
   size_t G1HeapRegionSize                         = 2097152                                   {product} {ergonomic}
    uintx GCDrainStackTargetSize                   = 64                                        {product} {ergonomic}
   size_t InitialHeapSize                          = 264241152                                 {product} {ergonomic}
     bool ManagementServer                         = true                                      {product} {command line}
   size_t MarkStackSize                            = 4194304                                   {product} {ergonomic}
   size_t MaxHeapSize                              = 4219469824                                {product} {ergonomic}
   size_t MinHeapDeltaBytes                        = 2097152                                   {product} {ergonomic}
   size_t MinHeapSize                              = 8388608                                   {product} {ergonomic}
    uintx NonProfiledCodeHeapSize                  = 0                                      {pd product} {ergonomic}
     bool ProfileInterpreter                       = false                                  {pd product} {command line}
    uintx ProfiledCodeHeapSize                     = 0                                      {pd product} {ergonomic}
   size_t SoftMaxHeapSize                          = 4219469824                             {manageable} {ergonomic}
     intx TieredStopAtLevel                        = 1                                         {product} {command line}
     bool UseCompressedClassPointers               = true                           {product lp64_product} {ergonomic}
     bool UseCompressedOops                        = true                           {product lp64_product} {ergonomic}
     bool UseG1GC                                  = true                                      {product} {ergonomic}
     bool UseLargePagesIndividualAllocation        = false                                  {pd product} {ergonomic}

Logging:
Log output configuration:
 #0: stdout all=warning uptime,level,tags
 #1: stderr all=off uptime,level,tags

Environment Variables:
JAVA_HOME=D:\JAVA\JDK
PATH=D:\OracleDatabase\WINDOWS.X64_193000_db_home\bin;D:\JAVA\JDK\bin;C:\Program Files\Common Files\Oracle\Java\javapath;C:\WINDOWS\system32;C:\WINDOWS;C:\WINDOWS\System32\Wbem;C:\WINDOWS\System32\WindowsPowerShell\v1.0\;C:\WINDOWS\System32\OpenSSH\;D:\app\Bandizip\;D:\apps\MySQL.Server\mysql-8.1.0-winx64\bin;C:\Program Files\dotnet\;D:\apps\微信web开发者工具\dll;D:\apps\Git\cmd;D:\apps\HBuilderX\bin;D:\apps\MATLAB\R2021a\bin;C:\Program Files\HP\HP One Agent;D:\apps\Xshell\;D:\apps\Xftp\;D:\apps\ffmpag\ffmpeg-master-latest-win64-gpl\bin;D:\JAVA\JDK\bin;D:\Scripts\;D:\;C:\Users\86136\AppData\Local\Microsoft\WindowsApps;D:\JAVA\IDEA\IntelliJ IDEA Community Edition 2022.3.2\bin;;D:\JAVA\IDEA\IntelliJ IDEA 2023.1.4\bin;;D:\Microsoft VS Code\bin;C:\Users\86136\.dotnet\tools;D:\Microsoft VS Code\Microsoft VS Code\bin;D:\Microsoft VS Code\MinGW\mingw64\bin;D:\apps\Git\bin;D:\apps\CLion 2023.3\bin;;D:\apps\DataGrip 2024.1.1\bin;;D:\Python\PyCharm 2024.1\bin;;D:\apps\miniconda3\Scripts;D:\Qt\5.15.2\mingw81_64\bin;C:\Users\86136\AppData\Roaming\npm
USERNAME=86136
OS=Windows_NT
PROCESSOR_IDENTIFIER=Intel64 Family 6 Model 154 Stepping 3, GenuineIntel



---------------  S Y S T E M  ---------------

OS:
 Windows 11 , 64 bit Build 22621 (10.0.22621.3672)
OS uptime: 2 days 1:22 hours

CPU: total 16 (initial active 16) (8 cores per cpu, 2 threads per core) family 6 model 154 stepping 3 microcode 0x42c, cx8, cmov, fxsr, ht, mmx, 3dnowpref, sse, sse2, sse3, ssse3, sse4.1, sse4.2, popcnt, lzcnt, tsc, tscinvbit, avx, avx2, aes, erms, clmul, bmi1, bmi2, adx, sha, fma, vzeroupper, clflush, clflushopt, clwb

Memory: 4k page, system-wide physical 16095M (2441M free)
TotalPageFile size 19271M (AvailPageFile size 240M)
current process WorkingSet (physical memory assigned to process): 12M, peak: 12M
current process commit charge ("private bytes"): 66M, peak: 318M

vm_info: Java HotSpot(TM) 64-Bit Server VM (17.0.6+9-LTS-190) for windows-amd64 JRE (17.0.6+9-LTS-190), built on Dec  6 2022 15:53:54 by "mach5one" with MS VC++ 17.1 (VS2022)

END.
